2025-05-22 11:17:31,082 - db_helper - INFO - delete_expenses_for_date called with 2024-08-28
2025-05-22 11:18:41,585 - db_helper - INFO - delete_expenses_for_date called with 2024-08-28
2025-05-22 11:18:41,641 - db_helper - INFO - insert_expense called with date: 2024-08-28, amount: 1400.0, category: electricity, notes: monthly bill
2025-05-22 11:18:41,651 - db_helper - INFO - insert_expense called with date: 2024-08-28, amount: 50.0, category: Food, notes: aaloo tikki
2025-05-22 14:49:49,929 - db_helper - INFO - fetch_expenses_for_date called with 2024-08-01
2025-05-22 15:00:51,535 - db_helper - INFO - fetch_expenses_for_date called with 2024-08-01
2025-05-22 15:03:51,927 - db_helper - INFO - fetch_expenses_for_date called with 2024-08-01
2025-05-22 15:04:01,391 - db_helper - INFO - fetch_expenses_for_date called with 2024-08-01
2025-05-22 15:04:13,522 - db_helper - INFO - fetch_expenses_for_date called with 2024-08-01
2025-05-22 15:06:05,350 - db_helper - INFO - fetch_expenses_for_date called with 2024-08-01
2025-05-22 15:07:11,281 - db_helper - INFO - fetch_expenses_for_date called with 2024-08-01
2025-05-22 15:13:24,166 - db_helper - INFO - fetch_expenses_for_date called with 2024-08-01
2025-05-22 15:14:04,799 - db_helper - INFO - fetch_expenses_for_date called with 2024-08-01
2025-05-22 15:16:14,977 - db_helper - INFO - fetch_expenses_for_date called with 2024-08-01
2025-05-22 15:22:21,898 - db_helper - INFO - fetch_expenses_for_date called with 2024-08-01
2025-05-22 15:28:32,755 - db_helper - INFO - fetch_expenses_for_date called with 2024-08-01
2025-05-22 15:29:03,289 - db_helper - INFO - fetch_expenses_for_date called with 2024-08-01
2025-05-22 15:29:55,583 - db_helper - INFO - fetch_expenses_for_date called with 2024-08-01
2025-05-22 16:40:51,179 - db_helper - INFO - fetch_expenses_for_date called with 2024-08-02
2025-05-22 16:40:56,586 - db_helper - INFO - fetch_expenses_for_date called with 2024-08-07
2025-05-22 16:40:58,244 - db_helper - INFO - fetch_expenses_for_date called with 2024-08-07
2025-05-22 16:41:42,785 - db_helper - INFO - fetch_expenses_for_date called with 2024-08-01
2025-05-22 16:48:24,890 - db_helper - INFO - fetch_expenses_for_date called with 2024-08-01
2025-05-22 16:49:36,768 - db_helper - INFO - fetch_expenses_for_date called with 2024-08-01
2025-05-22 16:49:40,512 - db_helper - INFO - fetch_expenses_for_date called with 2024-08-01
2025-05-22 16:50:26,759 - db_helper - INFO - fetch_expenses_for_date called with 2024-08-01
2025-05-22 16:50:30,456 - db_helper - INFO - fetch_expenses_for_date called with 2024-08-07
2025-05-22 16:51:19,044 - db_helper - INFO - fetch_expenses_for_date called with 2024-08-07
2025-05-22 16:51:19,077 - db_helper - INFO - delete_expenses_for_date called with 2024-08-07
2025-05-22 16:51:19,097 - db_helper - INFO - insert_expense called with date: 2024-08-07, amount: 20.0, category: Food, notes: kalachana
2025-05-22 18:11:36,702 - db_helper - INFO - fetch_expense_summary called with start: 2024-08-01 end: 2024-08-05
2025-05-23 10:15:58,746 - db_helper - INFO - fetch_expense_summary called with start: 2024-08-01 end: 2024-08-05
2025-05-23 10:16:41,465 - db_helper - INFO - fetch_expense_summary called with start: 2024-08-01 end: 2024-08-05
2025-05-23 10:23:06,439 - db_helper - INFO - fetch_expenses_for_date called with 2024-08-07
2025-05-23 10:23:10,031 - db_helper - INFO - fetch_expenses_for_date called with 2024-08-07
2025-05-23 10:23:10,058 - db_helper - INFO - fetch_expense_summary called with start: 2024-08-01 end: 2024-08-05
2025-05-23 10:23:24,825 - db_helper - INFO - fetch_expenses_for_date called with 2024-08-07
2025-05-23 10:23:28,250 - db_helper - INFO - fetch_expenses_for_date called with 2024-08-07
2025-05-23 10:23:28,286 - db_helper - INFO - fetch_expense_summary called with start: 2024-08-02 end: 2024-08-05
2025-05-23 12:13:12,545 - db_helper - INFO - fetch_expense_summary monthly
2025-05-23 12:18:17,881 - db_helper - INFO - fetch_expense_summary monthly
2025-05-23 13:01:00,369 - db_helper - INFO - fetch_expenses_for_date called with 2024-08-01
2025-05-23 13:01:21,082 - db_helper - INFO - fetch_expenses_for_date called with 2024-08-01
2025-05-23 13:01:27,606 - db_helper - INFO - fetch_expenses_for_date called with 2024-08-01
2025-05-23 13:02:23,639 - db_helper - INFO - fetch_expenses_for_date called with 2024-08-01
2025-05-23 13:20:54,804 - db_helper - INFO - fetch_expenses_for_date called with 2024-08-01
2025-05-23 13:22:25,220 - db_helper - INFO - fetch_expenses_for_date called with 2024-08-01
2025-05-23 13:22:50,138 - db_helper - INFO - fetch_expenses_for_date called with 2024-08-01
2025-05-23 13:23:31,646 - db_helper - INFO - fetch_expenses_for_date called with 2024-08-01
2025-05-23 13:24:07,616 - db_helper - INFO - fetch_expenses_for_date called with 2024-08-01
2025-05-23 13:24:10,942 - db_helper - INFO - fetch_expenses_for_date called with 2024-08-01
2025-05-23 13:27:06,964 - db_helper - INFO - fetch_expenses_for_date called with 2024-08-01
2025-05-23 13:27:09,637 - db_helper - INFO - fetch_expenses_for_date called with 2024-08-01
2025-05-23 13:27:11,425 - db_helper - INFO - fetch_expenses_for_date called with 2024-08-01
2025-05-23 13:27:12,026 - db_helper - INFO - fetch_expenses_for_date called with 2024-08-01
2025-05-23 13:27:12,431 - db_helper - INFO - fetch_expenses_for_date called with 2024-08-01
2025-05-23 13:27:12,756 - db_helper - INFO - fetch_expenses_for_date called with 2024-08-01
2025-05-23 13:27:13,026 - db_helper - INFO - fetch_expenses_for_date called with 2024-08-01
2025-05-23 13:27:13,241 - db_helper - INFO - fetch_expenses_for_date called with 2024-08-01
2025-05-23 13:27:13,443 - db_helper - INFO - fetch_expenses_for_date called with 2024-08-01
2025-05-23 13:27:14,975 - db_helper - INFO - fetch_expenses_for_date called with 2024-08-01
2025-05-23 13:28:19,512 - db_helper - INFO - fetch_expenses_for_date called with 2024-08-01
2025-05-23 13:29:27,906 - db_helper - INFO - fetch_expense_summary monthly
2025-05-23 13:29:35,591 - db_helper - INFO - fetch_expenses_for_date called with 2024-08-01
2025-05-23 13:39:49,191 - db_helper - INFO - fetch_expenses_for_date called with 2024-08-01
2025-05-23 13:39:51,019 - db_helper - INFO - fetch_expenses_for_date called with 2024-08-01
2025-05-23 13:40:35,459 - db_helper - INFO - fetch_expenses_for_date called with 2024-08-01
2025-05-23 13:40:37,384 - db_helper - INFO - fetch_expenses_for_date called with 2024-08-01
2025-05-23 13:40:37,418 - db_helper - INFO - fetch_expense_summary monthly
2025-05-23 13:46:40,551 - db_helper - INFO - fetch_expenses_for_date called with 2024-08-01
2025-05-23 13:46:42,473 - db_helper - INFO - fetch_expenses_for_date called with 2024-08-01
2025-05-23 13:46:42,510 - db_helper - INFO - fetch_expense_summary monthly
2025-05-23 13:53:47,930 - db_helper - INFO - fetch_expenses_for_date called with 2024-08-01
2025-05-23 13:54:13,159 - db_helper - INFO - fetch_expenses_for_date called with 2024-08-01
2025-05-23 13:54:17,261 - db_helper - INFO - fetch_expenses_for_date called with 2024-08-01
2025-05-23 13:54:17,292 - db_helper - INFO - fetch_expense_summary monthly
2025-05-23 13:55:22,702 - db_helper - INFO - fetch_expenses_for_date called with 2024-08-01
2025-05-23 13:55:24,194 - db_helper - INFO - fetch_expenses_for_date called with 2024-08-01
2025-05-23 13:55:24,231 - db_helper - INFO - fetch_expense_summary monthly
2025-05-23 17:53:09,407 - db_helper - INFO - fetch_expenses_for_date called with 2024-08-01
2025-05-23 17:53:17,260 - db_helper - INFO - fetch_expenses_for_date called with 2024-08-01
2025-05-23 17:53:17,302 - db_helper - INFO - fetch_expense_summary monthly
2025-05-23 17:53:48,913 - db_helper - INFO - fetch_expenses_for_date called with 2024-08-01
2025-05-23 17:53:52,900 - db_helper - INFO - fetch_expenses_for_date called with 2024-08-01
2025-05-23 17:54:25,743 - db_helper - INFO - fetch_expenses_for_date called with 2024-08-01
2025-05-23 17:54:30,299 - db_helper - INFO - fetch_expenses_for_date called with 2024-08-01
2025-05-23 17:55:28,638 - db_helper - INFO - fetch_expenses_for_date called with 2024-08-01
2025-05-23 17:55:31,431 - db_helper - INFO - fetch_expenses_for_date called with 2024-08-01
2025-05-23 17:55:53,437 - db_helper - INFO - fetch_expenses_for_date called with 2025-05-23
2025-05-23 18:23:30,489 - db_helper - INFO - fetch_expenses_for_date called with 2024-08-01
2025-05-23 18:23:38,009 - db_helper - INFO - fetch_expenses_for_date called with 2024-08-01
2025-05-23 18:35:04,540 - db_helper - INFO - fetch_expenses_for_date called with 2024-08-01
2025-05-23 18:35:08,956 - db_helper - INFO - fetch_expenses_for_date called with 2024-08-01
2025-05-23 18:35:08,983 - db_helper - INFO - fetch_expense_summary monthly
2025-05-27 11:34:27,583 - db_helper - INFO - fetch_expenses_for_date called with 2024-08-01
2025-05-27 11:50:31,368 - db_helper - INFO - fetch_expenses_for_date called with 2024-08-01
2025-05-27 13:27:54,438 - db_helper - INFO - fetch_expenses_for_date called with 2024-08-01
2025-05-27 13:28:03,123 - db_helper - INFO - fetch_expenses_for_date called with 2024-08-01
2025-05-27 13:28:03,173 - db_helper - INFO - fetch_expense_summary called with start: 2024-08-01 end: 2024-08-05
2025-05-27 13:28:11,919 - db_helper - INFO - fetch_expenses_for_date called with 2024-08-01
2025-05-27 13:28:11,958 - db_helper - INFO - fetch_expense_summary monthly
2025-05-27 13:28:22,200 - db_helper - INFO - fetch_expenses_for_date called with 2024-08-01
2025-05-27 13:36:02,178 - db_helper - INFO - fetch_expense_summary weekly
2025-05-27 13:40:25,914 - db_helper - INFO - fetch_expenses_for_date called with 2024-08-01
2025-05-27 13:40:41,711 - db_helper - INFO - fetch_expenses_for_date called with 2024-08-01
2025-05-27 13:40:42,769 - db_helper - INFO - fetch_expenses_for_date called with 2024-08-01
2025-05-27 13:40:42,808 - db_helper - INFO - fetch_expense_summary weekly
2025-05-27 13:43:39,785 - db_helper - INFO - fetch_expenses_for_date called with 2024-08-01
2025-05-27 13:43:39,864 - db_helper - INFO - delete_expenses_for_date called with 2024-08-01
2025-05-27 13:43:39,880 - db_helper - INFO - insert_expense called with date: 2024-08-01, amount: 1227.0, category: Rent, notes: Monthly rent payment
2025-05-27 13:43:39,889 - db_helper - INFO - insert_expense called with date: 2024-08-01, amount: 300.0, category: Food, notes: Groceries for the week
2025-05-27 13:43:39,896 - db_helper - INFO - insert_expense called with date: 2024-08-01, amount: 1200.0, category: Rent, notes: Monthly rent payment
2025-05-27 13:43:39,901 - db_helper - INFO - insert_expense called with date: 2024-08-01, amount: 300.0, category: Food, notes: Groceries for the week
2025-05-27 13:43:57,952 - db_helper - INFO - fetch_expenses_for_date called with 2024-08-01
2025-05-27 13:43:57,977 - db_helper - INFO - delete_expenses_for_date called with 2024-08-01
2025-05-27 13:43:57,987 - db_helper - INFO - insert_expense called with date: 2024-08-01, amount: 1227.0, category: Rent, notes: Monthly rent payment
2025-05-27 13:43:57,996 - db_helper - INFO - insert_expense called with date: 2024-08-01, amount: 300.0, category: Food, notes: Groceries for the week
2025-05-27 13:43:58,005 - db_helper - INFO - insert_expense called with date: 2024-08-01, amount: 1200.0, category: Rent, notes: Monthly rent payment
2025-05-27 13:43:58,014 - db_helper - INFO - insert_expense called with date: 2024-08-01, amount: 300.0, category: Food, notes: Groceries for the week
2025-05-27 13:43:58,023 - db_helper - INFO - insert_expense called with date: 2024-08-01, amount: 23.0, category: Shopping, notes: 
2025-05-27 13:44:02,253 - db_helper - INFO - fetch_expenses_for_date called with 2024-08-01
2025-05-27 13:44:02,298 - db_helper - INFO - fetch_expense_summary called with start: 2024-08-01 end: 2024-08-05
2025-05-27 13:44:07,836 - db_helper - INFO - fetch_expenses_for_date called with 2024-08-01
2025-05-27 13:44:07,872 - db_helper - INFO - fetch_expense_summary monthly
2025-05-27 13:44:12,610 - db_helper - INFO - fetch_expenses_for_date called with 2024-08-01
2025-05-27 13:44:12,645 - db_helper - INFO - fetch_expense_summary weekly
2025-05-27 13:44:43,810 - db_helper - INFO - fetch_expenses_for_date called with 2024-08-01
2025-05-27 13:44:43,848 - db_helper - INFO - delete_expenses_for_date called with 2024-08-01
2025-05-27 13:44:43,866 - db_helper - INFO - insert_expense called with date: 2024-08-01, amount: 1227.0, category: Rent, notes: Monthly rent payment
2025-05-27 13:44:43,874 - db_helper - INFO - insert_expense called with date: 2024-08-01, amount: 300.0, category: Food, notes: Groceries for the week
2025-05-27 13:44:43,880 - db_helper - INFO - insert_expense called with date: 2024-08-01, amount: 1200.0, category: Rent, notes: Monthly rent payment
2025-05-27 13:44:43,886 - db_helper - INFO - insert_expense called with date: 2024-08-01, amount: 300.0, category: Food, notes: Groceries for the week
2025-05-27 13:44:43,894 - db_helper - INFO - insert_expense called with date: 2024-08-01, amount: 23.0, category: Shopping, notes: 
2025-05-27 13:45:03,541 - db_helper - INFO - fetch_expenses_for_date called with 2024-08-01
2025-05-27 13:45:03,570 - db_helper - INFO - fetch_expense_summary called with start: 2024-08-01 end: 2024-08-05
2025-05-27 13:45:29,172 - db_helper - INFO - fetch_expenses_for_date called with 2024-08-01
2025-05-27 13:45:29,217 - db_helper - INFO - fetch_expense_summary monthly
2025-05-27 13:45:42,647 - db_helper - INFO - fetch_expenses_for_date called with 2024-08-01
2025-05-27 13:45:42,675 - db_helper - INFO - fetch_expense_summary weekly
2025-05-27 13:45:59,266 - db_helper - INFO - fetch_expenses_for_date called with 2024-08-01
2025-05-27 13:46:02,927 - db_helper - INFO - fetch_expenses_for_date called with 2024-08-01
2025-05-27 13:46:04,072 - db_helper - INFO - fetch_expenses_for_date called with 2024-08-01
2025-05-27 13:46:04,115 - db_helper - INFO - fetch_expense_summary weekly
2025-05-27 13:46:12,183 - db_helper - INFO - fetch_expenses_for_date called with 2024-08-01
2025-05-27 13:46:16,130 - db_helper - INFO - fetch_expenses_for_date called with 2024-08-01
2025-05-27 13:46:17,605 - db_helper - INFO - fetch_expenses_for_date called with 2024-08-01
2025-05-27 13:46:17,649 - db_helper - INFO - fetch_expense_summary weekly
